<?xml version="1.0" encoding="UTF-8"?>
<coverage generated="1678592136536" clover="3.2.0">
  <project timestamp="1678592136536" name="All files">
    <metrics statements="39" coveredstatements="29" conditionals="1" coveredconditionals="1" methods="17" coveredmethods="13" elements="57" coveredelements="43" complexity="0" loc="39" ncloc="39" packages="6" files="10" classes="10"/>
    <package name="src">
      <metrics statements="2" coveredstatements="0" conditionals="0" coveredconditionals="0" methods="1" coveredmethods="0"/>
      <file name="App.tsx" path="/media/jotas/Trabajo/Challenges/challenge DevSkill/mars-rover-app/src/App.tsx">
        <metrics statements="1" coveredstatements="0" conditionals="0" coveredconditionals="0" methods="1" coveredmethods="0"/>
        <line num="10" count="0" type="stmt"/>
      </file>
      <file name="main.tsx" path="/media/jotas/Trabajo/Challenges/challenge DevSkill/mars-rover-app/src/main.tsx">
        <metrics statements="1" coveredstatements="0" conditionals="0" coveredconditionals="0" methods="0" coveredmethods="0"/>
        <line num="11" count="0" type="stmt"/>
      </file>
    </package>
    <package name="src.components">
      <metrics statements="12" coveredstatements="10" conditionals="0" coveredconditionals="0" methods="8" coveredmethods="7"/>
      <file name="RenderImage.tsx" path="/media/jotas/Trabajo/Challenges/challenge DevSkill/mars-rover-app/src/components/RenderImage.tsx">
        <metrics statements="1" coveredstatements="1" conditionals="0" coveredconditionals="0" methods="2" coveredmethods="2"/>
        <line num="10" count="6" type="stmt"/>
      </file>
      <file name="RenderPhoto.tsx" path="/media/jotas/Trabajo/Challenges/challenge DevSkill/mars-rover-app/src/components/RenderPhoto.tsx">
        <metrics statements="8" coveredstatements="8" conditionals="0" coveredconditionals="0" methods="3" coveredmethods="3"/>
        <line num="2" count="1" type="stmt"/>
        <line num="3" count="1" type="stmt"/>
        <line num="4" count="1" type="stmt"/>
        <line num="6" count="1" type="stmt"/>
        <line num="8" count="1" type="stmt"/>
        <line num="9" count="2" type="stmt"/>
        <line num="11" count="2" type="stmt"/>
        <line num="16" count="6" type="stmt"/>
      </file>
      <file name="Speech.tsx" path="/media/jotas/Trabajo/Challenges/challenge DevSkill/mars-rover-app/src/components/Speech.tsx">
        <metrics statements="2" coveredstatements="0" conditionals="0" coveredconditionals="0" methods="1" coveredmethods="0"/>
        <line num="7" count="0" type="stmt"/>
        <line num="8" count="0" type="stmt"/>
      </file>
      <file name="Title.tsx" path="/media/jotas/Trabajo/Challenges/challenge DevSkill/mars-rover-app/src/components/Title.tsx">
        <metrics statements="1" coveredstatements="1" conditionals="0" coveredconditionals="0" methods="2" coveredmethods="2"/>
        <line num="7" count="1" type="stmt"/>
      </file>
    </package>
    <package name="src.components.buttons">
      <metrics statements="6" coveredstatements="0" conditionals="0" coveredconditionals="0" methods="2" coveredmethods="0"/>
      <file name="CustomButton.tsx" path="/media/jotas/Trabajo/Challenges/challenge DevSkill/mars-rover-app/src/components/buttons/CustomButton.tsx">
        <metrics statements="6" coveredstatements="0" conditionals="0" coveredconditionals="0" methods="2" coveredmethods="0"/>
        <line num="10" count="0" type="stmt"/>
        <line num="15" count="0" type="stmt"/>
        <line num="16" count="0" type="stmt"/>
        <line num="18" count="0" type="stmt"/>
        <line num="19" count="0" type="stmt"/>
        <line num="20" count="0" type="stmt"/>
      </file>
    </package>
    <package name="src.data">
      <metrics statements="1" coveredstatements="1" conditionals="0" coveredconditionals="0" methods="1" coveredmethods="1"/>
      <file name="roverData.ts" path="/media/jotas/Trabajo/Challenges/challenge DevSkill/mars-rover-app/src/data/roverData.ts">
        <metrics statements="1" coveredstatements="1" conditionals="0" coveredconditionals="0" methods="1" coveredmethods="1"/>
        <line num="4" count="32" type="stmt"/>
      </file>
    </package>
    <package name="src.helpers">
      <metrics statements="10" coveredstatements="10" conditionals="1" coveredconditionals="1" methods="2" coveredmethods="2"/>
      <file name="randomNumber.ts" path="/media/jotas/Trabajo/Challenges/challenge DevSkill/mars-rover-app/src/helpers/randomNumber.ts">
        <metrics statements="10" coveredstatements="10" conditionals="1" coveredconditionals="1" methods="2" coveredmethods="2"/>
        <line num="3" count="4" type="stmt"/>
        <line num="5" count="4" type="stmt"/>
        <line num="6" count="4" type="stmt"/>
        <line num="7" count="4" type="stmt"/>
        <line num="9" count="4" type="stmt"/>
        <line num="10" count="5601" type="stmt"/>
        <line num="11" count="5601" type="cond" truecount="1" falsecount="0"/>
        <line num="12" count="888" type="stmt"/>
        <line num="13" count="888" type="stmt"/>
        <line num="16" count="4" type="stmt"/>
      </file>
    </package>
    <package name="src.hooks">
      <metrics statements="8" coveredstatements="8" conditionals="0" coveredconditionals="0" methods="3" coveredmethods="3"/>
      <file name="UseFetchHook.ts" path="/media/jotas/Trabajo/Challenges/challenge DevSkill/mars-rover-app/src/hooks/UseFetchHook.ts">
        <metrics statements="8" coveredstatements="8" conditionals="0" coveredconditionals="0" methods="3" coveredmethods="3"/>
        <line num="1" count="2" type="stmt"/>
        <line num="3" count="2" type="stmt"/>
        <line num="6" count="4" type="stmt"/>
        <line num="7" count="4" type="stmt"/>
        <line num="9" count="4" type="stmt"/>
        <line num="11" count="4" type="stmt"/>
        <line num="12" count="2" type="stmt"/>
        <line num="15" count="4" type="stmt"/>
      </file>
    </package>
  </project>
</coverage>
