{"/media/jotas/Trabajo/Challenges/challenge DevSkill/mars-rover-app/src/App.tsx": {"path":"/media/jotas/Trabajo/Challenges/challenge DevSkill/mars-rover-app/src/App.tsx","statementMap":{"0":{"start":{"line":12,"column":16},"end":{"line":12,"column":null}}},"fnMap":{"0":{"name":"App","decl":{"start":{"line":11,"column":9},"end":{"line":11,"column":15}},"loc":{"start":{"line":11,"column":15},"end":{"line":45,"column":null}}}},"branchMap":{},"s":{"0":0},"f":{"0":0},"b":{}}
,"/media/jotas/Trabajo/Challenges/challenge DevSkill/mars-rover-app/src/main.tsx": {"path":"/media/jotas/Trabajo/Challenges/challenge DevSkill/mars-rover-app/src/main.tsx","statementMap":{"0":{"start":{"line":13,"column":0},"end":{"line":28,"column":null}}},"fnMap":{},"branchMap":{},"s":{"0":0},"f":{},"b":{}}
,"/media/jotas/Trabajo/Challenges/challenge DevSkill/mars-rover-app/src/components/Footer.tsx": {"path":"/media/jotas/Trabajo/Challenges/challenge DevSkill/mars-rover-app/src/components/Footer.tsx","statementMap":{"0":{"start":{"line":3,"column":13},"end":{"line":3,"column":26}},"1":{"start":{"line":3,"column":26},"end":{"line":9,"column":null}}},"fnMap":{"0":{"name":"(anonymous_0)","decl":{"start":{"line":3,"column":13},"end":{"line":3,"column":26}},"loc":{"start":{"line":3,"column":13},"end":{"line":3,"column":26}}},"1":{"name":"(anonymous_1)","decl":{"start":{"line":3,"column":26},"end":{"line":3,"column":32}},"loc":{"start":{"line":3,"column":32},"end":{"line":9,"column":null}}}},"branchMap":{},"s":{"0":1,"1":1},"f":{"0":1,"1":1},"b":{}}
,"/media/jotas/Trabajo/Challenges/challenge DevSkill/mars-rover-app/src/components/RenderImage.tsx": {"path":"/media/jotas/Trabajo/Challenges/challenge DevSkill/mars-rover-app/src/components/RenderImage.tsx","statementMap":{"0":{"start":{"line":10,"column":13},"end":{"line":10,"column":38}},"1":{"start":{"line":10,"column":38},"end":{"line":16,"column":null}}},"fnMap":{"0":{"name":"(anonymous_0)","decl":{"start":{"line":10,"column":13},"end":{"line":10,"column":38}},"loc":{"start":{"line":10,"column":13},"end":{"line":10,"column":38}}},"1":{"name":"(anonymous_1)","decl":{"start":{"line":10,"column":38},"end":{"line":10,"column":39}},"loc":{"start":{"line":10,"column":67},"end":{"line":16,"column":null}}}},"branchMap":{},"s":{"0":1,"1":2},"f":{"0":1,"1":1},"b":{}}
,"/media/jotas/Trabajo/Challenges/challenge DevSkill/mars-rover-app/src/components/RenderPhoto.tsx": {"path":"/media/jotas/Trabajo/Challenges/challenge DevSkill/mars-rover-app/src/components/RenderPhoto.tsx","statementMap":{"0":{"start":{"line":8,"column":13},"end":{"line":8,"column":31}},"1":{"start":{"line":2,"column":26},"end":{"line":2,"column":null}},"2":{"start":{"line":3,"column":29},"end":{"line":3,"column":null}},"3":{"start":{"line":4,"column":28},"end":{"line":4,"column":null}},"4":{"start":{"line":6,"column":31},"end":{"line":6,"column":null}},"5":{"start":{"line":8,"column":31},"end":{"line":30,"column":null}},"6":{"start":{"line":9,"column":16},"end":{"line":9,"column":null}},"7":{"start":{"line":11,"column":21},"end":{"line":11,"column":null}},"8":{"start":{"line":16,"column":8},"end":{"line":16,"column":null}}},"fnMap":{"0":{"name":"(anonymous_0)","decl":{"start":{"line":8,"column":13},"end":{"line":8,"column":31}},"loc":{"start":{"line":8,"column":13},"end":{"line":8,"column":31}}},"1":{"name":"(anonymous_1)","decl":{"start":{"line":8,"column":31},"end":{"line":8,"column":37}},"loc":{"start":{"line":8,"column":37},"end":{"line":30,"column":null}}},"2":{"name":"(anonymous_2)","decl":{"start":{"line":15,"column":18},"end":{"line":15,"column":19}},"loc":{"start":{"line":16,"column":8},"end":{"line":16,"column":null}}}},"branchMap":{},"s":{"0":1,"1":1,"2":1,"3":1,"4":1,"5":1,"6":5,"7":4,"8":0},"f":{"0":1,"1":5,"2":0},"b":{}}
,"/media/jotas/Trabajo/Challenges/challenge DevSkill/mars-rover-app/src/components/Speech.tsx": {"path":"/media/jotas/Trabajo/Challenges/challenge DevSkill/mars-rover-app/src/components/Speech.tsx","statementMap":{"0":{"start":{"line":7,"column":26},"end":{"line":31,"column":2}},"1":{"start":{"line":8,"column":16},"end":{"line":8,"column":null}}},"fnMap":{"0":{"name":"(anonymous_0)","decl":{"start":{"line":7,"column":26},"end":{"line":7,"column":32}},"loc":{"start":{"line":7,"column":32},"end":{"line":31,"column":2}}}},"branchMap":{},"s":{"0":0,"1":0},"f":{"0":0},"b":{}}
,"/media/jotas/Trabajo/Challenges/challenge DevSkill/mars-rover-app/src/components/Title.tsx": {"path":"/media/jotas/Trabajo/Challenges/challenge DevSkill/mars-rover-app/src/components/Title.tsx","statementMap":{"0":{"start":{"line":7,"column":13},"end":{"line":7,"column":32}},"1":{"start":{"line":7,"column":32},"end":{"line":13,"column":null}}},"fnMap":{"0":{"name":"(anonymous_0)","decl":{"start":{"line":7,"column":13},"end":{"line":7,"column":32}},"loc":{"start":{"line":7,"column":13},"end":{"line":7,"column":32}}},"1":{"name":"(anonymous_1)","decl":{"start":{"line":7,"column":32},"end":{"line":7,"column":33}},"loc":{"start":{"line":7,"column":47},"end":{"line":13,"column":null}}}},"branchMap":{},"s":{"0":1,"1":1},"f":{"0":1,"1":1},"b":{}}
,"/media/jotas/Trabajo/Challenges/challenge DevSkill/mars-rover-app/src/components/buttons/CustomI18nButton.tsx": {"path":"/media/jotas/Trabajo/Challenges/challenge DevSkill/mars-rover-app/src/components/buttons/CustomI18nButton.tsx","statementMap":{"0":{"start":{"line":10,"column":13},"end":{"line":10,"column":43}},"1":{"start":{"line":2,"column":31},"end":{"line":2,"column":null}},"2":{"start":{"line":10,"column":43},"end":{"line":28,"column":null}},"3":{"start":{"line":15,"column":19},"end":{"line":15,"column":null}},"4":{"start":{"line":17,"column":23},"end":{"line":19,"column":null}},"5":{"start":{"line":18,"column":4},"end":{"line":18,"column":null}}},"fnMap":{"0":{"name":"(anonymous_0)","decl":{"start":{"line":10,"column":13},"end":{"line":10,"column":43}},"loc":{"start":{"line":10,"column":13},"end":{"line":10,"column":43}}},"1":{"name":"(anonymous_1)","decl":{"start":{"line":10,"column":43},"end":{"line":10,"column":44}},"loc":{"start":{"line":14,"column":6},"end":{"line":28,"column":null}}},"2":{"name":"(anonymous_2)","decl":{"start":{"line":17,"column":23},"end":{"line":17,"column":29}},"loc":{"start":{"line":17,"column":29},"end":{"line":19,"column":null}}}},"branchMap":{},"s":{"0":1,"1":1,"2":1,"3":1,"4":1,"5":0},"f":{"0":1,"1":1,"2":0},"b":{}}
,"/media/jotas/Trabajo/Challenges/challenge DevSkill/mars-rover-app/src/components/buttons/RefreshButton.tsx": {"path":"/media/jotas/Trabajo/Challenges/challenge DevSkill/mars-rover-app/src/components/buttons/RefreshButton.tsx","statementMap":{"0":{"start":{"line":10,"column":13},"end":{"line":10,"column":40}},"1":{"start":{"line":2,"column":41},"end":{"line":2,"column":null}},"2":{"start":{"line":3,"column":22},"end":{"line":3,"column":null}},"3":{"start":{"line":10,"column":40},"end":{"line":27,"column":null}},"4":{"start":{"line":11,"column":19},"end":{"line":11,"column":null}},"5":{"start":{"line":12,"column":20},"end":{"line":12,"column":null}},"6":{"start":{"line":12,"column":48},"end":{"line":12,"column":69}},"7":{"start":{"line":19,"column":10},"end":{"line":19,"column":null}},"8":{"start":{"line":20,"column":10},"end":{"line":20,"column":null}}},"fnMap":{"0":{"name":"(anonymous_0)","decl":{"start":{"line":10,"column":13},"end":{"line":10,"column":40}},"loc":{"start":{"line":10,"column":13},"end":{"line":10,"column":40}}},"1":{"name":"(anonymous_1)","decl":{"start":{"line":10,"column":40},"end":{"line":10,"column":41}},"loc":{"start":{"line":10,"column":68},"end":{"line":27,"column":null}}},"2":{"name":"(anonymous_2)","decl":{"start":{"line":12,"column":32},"end":{"line":12,"column":33}},"loc":{"start":{"line":12,"column":48},"end":{"line":12,"column":69}}},"3":{"name":"(anonymous_3)","decl":{"start":{"line":18,"column":17},"end":{"line":18,"column":18}},"loc":{"start":{"line":18,"column":24},"end":{"line":21,"column":null}}}},"branchMap":{"0":{"loc":{"start":{"line":23,"column":15},"end":{"line":23,"column":46}},"type":"cond-expr","locations":[{"start":{"line":23,"column":27},"end":{"line":23,"column":39}},{"start":{"line":23,"column":39},"end":{"line":23,"column":46}}]}},"s":{"0":2,"1":1,"2":1,"3":1,"4":2,"5":2,"6":0,"7":1,"8":1},"f":{"0":2,"1":2,"2":0,"3":1},"b":{"0":[0,2]}}
,"/media/jotas/Trabajo/Challenges/challenge DevSkill/mars-rover-app/src/data/roverData.ts": {"path":"/media/jotas/Trabajo/Challenges/challenge DevSkill/mars-rover-app/src/data/roverData.ts","statementMap":{"0":{"start":{"line":4,"column":13},"end":{"line":4,"column":38}},"1":{"start":{"line":4,"column":38},"end":{"line":5,"column":null}}},"fnMap":{"0":{"name":"(anonymous_0)","decl":{"start":{"line":4,"column":13},"end":{"line":4,"column":38}},"loc":{"start":{"line":4,"column":13},"end":{"line":4,"column":38}}}},"branchMap":{},"s":{"0":32,"1":3},"f":{"0":32},"b":{}}
,"/media/jotas/Trabajo/Challenges/challenge DevSkill/mars-rover-app/src/helpers/randomNumber.ts": {"path":"/media/jotas/Trabajo/Challenges/challenge DevSkill/mars-rover-app/src/helpers/randomNumber.ts","statementMap":{"0":{"start":{"line":3,"column":13},"end":{"line":3,"column":40}},"1":{"start":{"line":3,"column":40},"end":{"line":17,"column":null}},"2":{"start":{"line":5,"column":30},"end":{"line":5,"column":32}},"3":{"start":{"line":6,"column":30},"end":{"line":6,"column":41}},"4":{"start":{"line":7,"column":33},"end":{"line":7,"column":35}},"5":{"start":{"line":9,"column":4},"end":{"line":15,"column":null}},"6":{"start":{"line":10,"column":18},"end":{"line":10,"column":null}},"7":{"start":{"line":11,"column":8},"end":{"line":14,"column":9}},"8":{"start":{"line":12,"column":12},"end":{"line":12,"column":null}},"9":{"start":{"line":13,"column":12},"end":{"line":13,"column":null}},"10":{"start":{"line":16,"column":4},"end":{"line":16,"column":null}}},"fnMap":{"0":{"name":"(anonymous_0)","decl":{"start":{"line":3,"column":13},"end":{"line":3,"column":40}},"loc":{"start":{"line":3,"column":13},"end":{"line":3,"column":40}}},"1":{"name":"(anonymous_1)","decl":{"start":{"line":3,"column":40},"end":{"line":3,"column":41}},"loc":{"start":{"line":3,"column":89},"end":{"line":17,"column":null}}}},"branchMap":{"0":{"loc":{"start":{"line":11,"column":8},"end":{"line":14,"column":9}},"type":"if","locations":[{"start":{"line":11,"column":8},"end":{"line":14,"column":9}}]}},"s":{"0":2,"1":2,"2":2,"3":2,"4":2,"5":2,"6":6248,"7":6248,"8":876,"9":876,"10":2},"f":{"0":2,"1":2},"b":{"0":[876]}}
,"/media/jotas/Trabajo/Challenges/challenge DevSkill/mars-rover-app/src/hooks/UseFetchHook.ts": {"path":"/media/jotas/Trabajo/Challenges/challenge DevSkill/mars-rover-app/src/hooks/UseFetchHook.ts","statementMap":{"0":{"start":{"line":8,"column":13},"end":{"line":8,"column":28}},"1":{"start":{"line":1,"column":36},"end":{"line":1,"column":null}},"2":{"start":{"line":3,"column":41},"end":{"line":3,"column":null}},"3":{"start":{"line":5,"column":28},"end":{"line":5,"column":null}},"4":{"start":{"line":8,"column":28},"end":{"line":19,"column":null}},"5":{"start":{"line":9,"column":32},"end":{"line":9,"column":null}},"6":{"start":{"line":10,"column":22},"end":{"line":10,"column":null}},"7":{"start":{"line":10,"column":50},"end":{"line":10,"column":71}},"8":{"start":{"line":12,"column":33},"end":{"line":12,"column":null}},"9":{"start":{"line":14,"column":4},"end":{"line":16,"column":null}},"10":{"start":{"line":15,"column":9},"end":{"line":15,"column":null}},"11":{"start":{"line":18,"column":4},"end":{"line":18,"column":null}}},"fnMap":{"0":{"name":"(anonymous_0)","decl":{"start":{"line":8,"column":13},"end":{"line":8,"column":28}},"loc":{"start":{"line":8,"column":13},"end":{"line":8,"column":28}}},"1":{"name":"(anonymous_1)","decl":{"start":{"line":8,"column":28},"end":{"line":8,"column":29}},"loc":{"start":{"line":8,"column":80},"end":{"line":19,"column":null}}},"2":{"name":"(anonymous_2)","decl":{"start":{"line":10,"column":34},"end":{"line":10,"column":35}},"loc":{"start":{"line":10,"column":50},"end":{"line":10,"column":71}}},"3":{"name":"(anonymous_3)","decl":{"start":{"line":14,"column":14},"end":{"line":14,"column":20}},"loc":{"start":{"line":14,"column":20},"end":{"line":16,"column":7}}}},"branchMap":{"0":{"loc":{"start":{"line":15,"column":9},"end":{"line":15,"column":null}},"type":"binary-expr","locations":[{"start":{"line":15,"column":9},"end":{"line":15,"column":23}},{"start":{"line":15,"column":23},"end":{"line":15,"column":null}}]}},"s":{"0":6,"1":2,"2":2,"3":2,"4":2,"5":6,"6":6,"7":0,"8":0,"9":0,"10":0,"11":0},"f":{"0":6,"1":6,"2":0,"3":0},"b":{"0":[0,0]}}
,"/media/jotas/Trabajo/Challenges/challenge DevSkill/mars-rover-app/src/redux/reducer/increaseReducer.ts": {"path":"/media/jotas/Trabajo/Challenges/challenge DevSkill/mars-rover-app/src/redux/reducer/increaseReducer.ts","statementMap":{"0":{"start":{"line":8,"column":13},"end":{"line":8,"column":31}},"1":{"start":{"line":1,"column":22},"end":{"line":1,"column":null}},"2":{"start":{"line":3,"column":21},"end":{"line":5,"column":null}},"3":{"start":{"line":8,"column":31},"end":{"line":19,"column":null}},"4":{"start":{"line":9,"column":4},"end":{"line":18,"column":null}},"5":{"start":{"line":11,"column":12},"end":{"line":14,"column":null}},"6":{"start":{"line":17,"column":12},"end":{"line":17,"column":null}}},"fnMap":{"0":{"name":"(anonymous_0)","decl":{"start":{"line":8,"column":13},"end":{"line":8,"column":31}},"loc":{"start":{"line":8,"column":13},"end":{"line":8,"column":31}}},"1":{"name":"(anonymous_1)","decl":{"start":{"line":8,"column":31},"end":{"line":8,"column":32}},"loc":{"start":{"line":8,"column":84},"end":{"line":19,"column":null}}}},"branchMap":{"0":{"loc":{"start":{"line":8,"column":32},"end":{"line":8,"column":52}},"type":"default-arg","locations":[{"start":{"line":8,"column":40},"end":{"line":8,"column":52}}]},"1":{"loc":{"start":{"line":9,"column":4},"end":{"line":18,"column":null}},"type":"switch","locations":[{"start":{"line":10,"column":8},"end":{"line":14,"column":null}},{"start":{"line":16,"column":8},"end":{"line":17,"column":null}}]}},"s":{"0":4,"1":2,"2":2,"3":2,"4":8,"5":1,"6":7},"f":{"0":4,"1":8},"b":{"0":[6],"1":[1,7]}}
,"/media/jotas/Trabajo/Challenges/challenge DevSkill/mars-rover-app/src/redux/reducer/rootReducer.ts": {"path":"/media/jotas/Trabajo/Challenges/challenge DevSkill/mars-rover-app/src/redux/reducer/rootReducer.ts","statementMap":{"0":{"start":{"line":4,"column":13},"end":{"line":4,"column":27}},"1":{"start":{"line":1,"column":32},"end":{"line":1,"column":null}},"2":{"start":{"line":2,"column":32},"end":{"line":2,"column":null}},"3":{"start":{"line":4,"column":27},"end":{"line":6,"column":null}}},"fnMap":{"0":{"name":"(anonymous_0)","decl":{"start":{"line":4,"column":13},"end":{"line":4,"column":27}},"loc":{"start":{"line":4,"column":13},"end":{"line":4,"column":27}}}},"branchMap":{},"s":{"0":3,"1":1,"2":1,"3":1},"f":{"0":3},"b":{}}
,"/media/jotas/Trabajo/Challenges/challenge DevSkill/mars-rover-app/src/redux/store/store.ts": {"path":"/media/jotas/Trabajo/Challenges/challenge DevSkill/mars-rover-app/src/redux/store/store.ts","statementMap":{"0":{"start":{"line":13,"column":13},"end":{"line":13,"column":21}},"1":{"start":{"line":1,"column":54},"end":{"line":1,"column":null}},"2":{"start":{"line":2,"column":18},"end":{"line":2,"column":null}},"3":{"start":{"line":3,"column":28},"end":{"line":3,"column":null}},"4":{"start":{"line":11,"column":25},"end":{"line":11,"column":114}},"5":{"start":{"line":13,"column":21},"end":{"line":16,"column":null}}},"fnMap":{"0":{"name":"(anonymous_0)","decl":{"start":{"line":13,"column":13},"end":{"line":13,"column":21}},"loc":{"start":{"line":13,"column":13},"end":{"line":13,"column":21}}}},"branchMap":{"0":{"loc":{"start":{"line":11,"column":25},"end":{"line":11,"column":114}},"type":"binary-expr","locations":[{"start":{"line":11,"column":25},"end":{"line":11,"column":59}},{"start":{"line":11,"column":59},"end":{"line":11,"column":102}},{"start":{"line":11,"column":107},"end":{"line":11,"column":114}}]}},"s":{"0":2,"1":1,"2":1,"3":1,"4":1,"5":1},"f":{"0":2},"b":{"0":[1,1,1]}}
,"/media/jotas/Trabajo/Challenges/challenge DevSkill/mars-rover-app/src/redux/types/types.ts": {"path":"/media/jotas/Trabajo/Challenges/challenge DevSkill/mars-rover-app/src/redux/types/types.ts","statementMap":{"0":{"start":{"line":1,"column":13},"end":{"line":1,"column":21}},"1":{"start":{"line":1,"column":21},"end":{"line":4,"column":null}}},"fnMap":{"0":{"name":"(anonymous_0)","decl":{"start":{"line":1,"column":13},"end":{"line":1,"column":21}},"loc":{"start":{"line":1,"column":13},"end":{"line":1,"column":21}}}},"branchMap":{},"s":{"0":12,"1":4},"f":{"0":12},"b":{}}
}
