{"/media/jotas/Trabajo/Challenges/challenge DevSkill/mars-rover-app/src/App.tsx": {"path":"/media/jotas/Trabajo/Challenges/challenge DevSkill/mars-rover-app/src/App.tsx","statementMap":{},"fnMap":{"0":{"name":"App","decl":{"start":{"line":5,"column":9},"end":{"line":5,"column":15}},"loc":{"start":{"line":5,"column":15},"end":{"line":12,"column":null}}}},"branchMap":{},"s":{},"f":{"0":0},"b":{}}
,"/media/jotas/Trabajo/Challenges/challenge DevSkill/mars-rover-app/src/components/RenderPhoto.tsx": {"path":"/media/jotas/Trabajo/Challenges/challenge DevSkill/mars-rover-app/src/components/RenderPhoto.tsx","statementMap":{"0":{"start":{"line":5,"column":31},"end":{"line":23,"column":2}},"1":{"start":{"line":7,"column":21},"end":{"line":7,"column":null}},"2":{"start":{"line":12,"column":8},"end":{"line":12,"column":null}}},"fnMap":{"0":{"name":"(anonymous_0)","decl":{"start":{"line":5,"column":31},"end":{"line":5,"column":37}},"loc":{"start":{"line":5,"column":37},"end":{"line":23,"column":2}}},"1":{"name":"(anonymous_1)","decl":{"start":{"line":11,"column":18},"end":{"line":11,"column":19}},"loc":{"start":{"line":12,"column":8},"end":{"line":12,"column":null}}}},"branchMap":{},"s":{"0":0,"1":0,"2":0},"f":{"0":0,"1":0},"b":{}}
,"/media/jotas/Trabajo/Challenges/challenge DevSkill/mars-rover-app/src/components/Title.tsx": {"path":"/media/jotas/Trabajo/Challenges/challenge DevSkill/mars-rover-app/src/components/Title.tsx","statementMap":{"0":{"start":{"line":7,"column":13},"end":{"line":7,"column":32}},"1":{"start":{"line":7,"column":32},"end":{"line":13,"column":null}}},"fnMap":{"0":{"name":"(anonymous_0)","decl":{"start":{"line":7,"column":13},"end":{"line":7,"column":32}},"loc":{"start":{"line":7,"column":13},"end":{"line":7,"column":32}}},"1":{"name":"(anonymous_1)","decl":{"start":{"line":7,"column":32},"end":{"line":7,"column":33}},"loc":{"start":{"line":7,"column":47},"end":{"line":13,"column":null}}}},"branchMap":{},"s":{"0":1,"1":1},"f":{"0":1,"1":1},"b":{}}
,"/media/jotas/Trabajo/Challenges/challenge DevSkill/mars-rover-app/src/data/roverData.ts": {"path":"/media/jotas/Trabajo/Challenges/challenge DevSkill/mars-rover-app/src/data/roverData.ts","statementMap":{"0":{"start":{"line":4,"column":13},"end":{"line":4,"column":38}},"1":{"start":{"line":4,"column":38},"end":{"line":5,"column":null}}},"fnMap":{"0":{"name":"(anonymous_0)","decl":{"start":{"line":4,"column":13},"end":{"line":4,"column":38}},"loc":{"start":{"line":4,"column":13},"end":{"line":4,"column":38}}}},"branchMap":{},"s":{"0":30,"1":2},"f":{"0":30},"b":{}}
,"/media/jotas/Trabajo/Challenges/challenge DevSkill/mars-rover-app/src/helpers/randomNumber.ts": {"path":"/media/jotas/Trabajo/Challenges/challenge DevSkill/mars-rover-app/src/helpers/randomNumber.ts","statementMap":{"0":{"start":{"line":3,"column":13},"end":{"line":3,"column":40}},"1":{"start":{"line":3,"column":40},"end":{"line":17,"column":null}},"2":{"start":{"line":5,"column":30},"end":{"line":5,"column":32}},"3":{"start":{"line":6,"column":30},"end":{"line":6,"column":41}},"4":{"start":{"line":7,"column":33},"end":{"line":7,"column":35}},"5":{"start":{"line":9,"column":4},"end":{"line":15,"column":null}},"6":{"start":{"line":10,"column":18},"end":{"line":10,"column":null}},"7":{"start":{"line":11,"column":8},"end":{"line":14,"column":9}},"8":{"start":{"line":12,"column":12},"end":{"line":12,"column":null}},"9":{"start":{"line":13,"column":12},"end":{"line":13,"column":null}},"10":{"start":{"line":16,"column":4},"end":{"line":16,"column":null}}},"fnMap":{"0":{"name":"(anonymous_0)","decl":{"start":{"line":3,"column":13},"end":{"line":3,"column":40}},"loc":{"start":{"line":3,"column":13},"end":{"line":3,"column":40}}},"1":{"name":"(anonymous_1)","decl":{"start":{"line":3,"column":40},"end":{"line":3,"column":41}},"loc":{"start":{"line":3,"column":89},"end":{"line":17,"column":null}}}},"branchMap":{"0":{"loc":{"start":{"line":11,"column":8},"end":{"line":14,"column":9}},"type":"if","locations":[{"start":{"line":11,"column":8},"end":{"line":14,"column":9}}]}},"s":{"0":2,"1":1,"2":2,"3":2,"4":2,"5":2,"6":5364,"7":5364,"8":876,"9":876,"10":2},"f":{"0":2,"1":2},"b":{"0":[876]}}
,"/media/jotas/Trabajo/Challenges/challenge DevSkill/mars-rover-app/src/hooks/UseFetchHook.ts": {"path":"/media/jotas/Trabajo/Challenges/challenge DevSkill/mars-rover-app/src/hooks/UseFetchHook.ts","statementMap":{"0":{"start":{"line":6,"column":13},"end":{"line":6,"column":28}},"1":{"start":{"line":1,"column":36},"end":{"line":1,"column":null}},"2":{"start":{"line":3,"column":41},"end":{"line":3,"column":null}},"3":{"start":{"line":6,"column":28},"end":{"line":16,"column":null}},"4":{"start":{"line":7,"column":32},"end":{"line":7,"column":null}},"5":{"start":{"line":9,"column":33},"end":{"line":9,"column":null}},"6":{"start":{"line":11,"column":4},"end":{"line":13,"column":null}},"7":{"start":{"line":12,"column":8},"end":{"line":12,"column":null}},"8":{"start":{"line":15,"column":4},"end":{"line":15,"column":null}}},"fnMap":{"0":{"name":"(anonymous_0)","decl":{"start":{"line":6,"column":13},"end":{"line":6,"column":28}},"loc":{"start":{"line":6,"column":13},"end":{"line":6,"column":28}}},"1":{"name":"(anonymous_1)","decl":{"start":{"line":6,"column":28},"end":{"line":6,"column":29}},"loc":{"start":{"line":6,"column":80},"end":{"line":16,"column":null}}},"2":{"name":"(anonymous_2)","decl":{"start":{"line":11,"column":14},"end":{"line":11,"column":20}},"loc":{"start":{"line":11,"column":20},"end":{"line":13,"column":7}}}},"branchMap":{},"s":{"0":2,"1":1,"2":1,"3":1,"4":2,"5":2,"6":2,"7":1,"8":2},"f":{"0":2,"1":2,"2":1},"b":{}}
}
